==========================================
SLURM_JOB_ID = 18448439
SLURM_JOB_NODELIST = e09-28
TMPDIR = /tmp/SLURM_18448439
==========================================

CommandNotFoundError: Your shell has not been properly configured to use 'conda activate'.
To initialize your shell, run

    $ conda init <SHELL_NAME>

Currently supported shells are:
  - bash
  - fish
  - tcsh
  - xonsh
  - zsh
  - powershell

See 'conda init --help' for more information and options.

IMPORTANT: You may need to close and restart your shell after running 'conda init'.


Traceback (most recent call last):
  File "/home1/tferrari/.conda/envs/snakemake/lib/python3.12/site-packages/snakemake/__init__.py", line 671, in snakemake
    workflow.include(
  File "/home1/tferrari/.conda/envs/snakemake/lib/python3.12/site-packages/snakemake/workflow.py", line 1362, in include
    snakefile = infer_source_file(snakefile, basedir)
                ^^^^^^^^^^^^^^^^^^^^^^^^^^^^^^^^^^^^^
  File "/home1/tferrari/.conda/envs/snakemake/lib/python3.12/site-packages/snakemake/sourcecache.py", line 323, in infer_source_file
    if is_local_file(path_or_uri):
       ^^^^^^^^^^^^^^^^^^^^^^^^^^
  File "/home1/tferrari/.conda/envs/snakemake/lib/python3.12/site-packages/snakemake/common/__init__.py", line 92, in is_local_file
    return parse_uri(path_or_uri).scheme == "file"
           ^^^^^^^^^^^^^^^^^^^^^^
  File "/home1/tferrari/.conda/envs/snakemake/lib/python3.12/site-packages/snakemake/common/__init__.py", line 96, in parse_uri
    from smart_open import parse_uri
  File "/home1/tferrari/.conda/envs/snakemake/lib/python3.12/site-packages/smart_open/__init__.py", line 34, in <module>
    from .smart_open_lib import open, parse_uri, smart_open, register_compressor  # noqa: E402
    ^^^^^^^^^^^^^^^^^^^^^^^^^^^^^^^^^^^^^^^^^^^^^^^^^^^^^^^^^^^^^^^^^^^^^^^^^^^^
  File "/home1/tferrari/.conda/envs/snakemake/lib/python3.12/site-packages/smart_open/smart_open_lib.py", line 35, in <module>
    from smart_open import doctools
  File "/home1/tferrari/.conda/envs/snakemake/lib/python3.12/site-packages/smart_open/doctools.py", line 21, in <module>
    from . import transport
  File "/home1/tferrari/.conda/envs/snakemake/lib/python3.12/site-packages/smart_open/transport.py", line 101, in <module>
    register_transport("smart_open.gcs")
  File "/home1/tferrari/.conda/envs/snakemake/lib/python3.12/site-packages/smart_open/transport.py", line 49, in register_transport
    submodule = importlib.import_module(submodule)
                ^^^^^^^^^^^^^^^^^^^^^^^^^^^^^^^^^^
  File "/home1/tferrari/.conda/envs/snakemake/lib/python3.12/importlib/__init__.py", line 90, in import_module
    return _bootstrap._gcd_import(name[level:], package, level)
           ^^^^^^^^^^^^^^^^^^^^^^^^^^^^^^^^^^^^^^^^^^^^^^^^^^^^
  File "/home1/tferrari/.conda/envs/snakemake/lib/python3.12/site-packages/smart_open/gcs.py", line 14, in <module>
    import google.cloud.exceptions
  File "/home1/tferrari/.conda/envs/snakemake/lib/python3.12/site-packages/google/cloud/exceptions/__init__.py", line 24, in <module>
    from google.api_core import exceptions
  File "/home1/tferrari/.conda/envs/snakemake/lib/python3.12/site-packages/google/api_core/exceptions.py", line 29, in <module>
    from google.rpc import error_details_pb2
  File "/home1/tferrari/.conda/envs/snakemake/lib/python3.12/site-packages/google/rpc/__init__.py", line 18, in <module>
    import pkg_resources
  File "/spack/2206/apps/linux-centos7-x86_64_v3/gcc-11.3.0/py-setuptools-59.4.0-jldgmtt/lib/python3.11/site-packages/pkg_resources/__init__.py", line 2172, in <module>
    register_finder(pkgutil.ImpImporter, find_on_path)
                    ^^^^^^^^^^^^^^^^^^^
AttributeError: module 'pkgutil' has no attribute 'ImpImporter'. Did you mean: 'zipimporter'?

CommandNotFoundError: Your shell has not been properly configured to use 'conda deactivate'.
To initialize your shell, run

    $ conda init <SHELL_NAME>

Currently supported shells are:
  - bash
  - fish
  - tcsh
  - xonsh
  - zsh
  - powershell

See 'conda init --help' for more information and options.

IMPORTANT: You may need to close and restart your shell after running 'conda init'.


